<?xml version="1.0" encoding="UTF-8"?>
<!-- Generated by org.testng.reporters.JUnitReportReporter -->
<testsuite skipped="0" hostname="LP-Pushapba" name="TestRunner.TestRunner" tests="1" failures="0" timestamp="11 Apr 2019 15:59:02 GMT" time="68.201" errors="0">
  <testcase name="feature" time="68.201" classname="TestRunner.TestRunner"/>
</testsuite> <!-- TestRunner.TestRunner -->
